<?xml version="1.0" encoding="UTF-8"?>
<!-- Generated by org.testng.reporters.JUnitReportReporter -->
<testsuite skipped="0" hostname="DESKTOP-DJH255V" name="paralleltesting.ClassB" tests="1" failures="0" timestamp="2022-03-20T16:44:57 IST" time="0.001" errors="0">
  <testcase name="printname" time="0.001" classname="paralleltesting.ClassB"/>
  <system-out/>
</testsuite> <!-- paralleltesting.ClassB -->
