<?xml version="1.0" encoding="UTF-8"?>
<!-- Generated by org.testng.reporters.JUnitReportReporter -->
<testsuite skipped="0" hostname="DESKTOP-DJH255V" name="paralleltesting.ClassA" tests="1" failures="0" timestamp="2022-03-20T16:44:57 IST" time="0.007" errors="0">
  <testcase name="printhello" time="0.007" classname="paralleltesting.ClassA"/>
  <system-out/>
</testsuite> <!-- paralleltesting.ClassA -->
