<?xml version="1.0" encoding="UTF-8"?>
<!-- Generated by org.testng.reporters.JUnitReportReporter -->
<testsuite skipped="0" hostname="DESKTOP-DJH255V" name="paralleltesting.ClassC" tests="1" failures="0" timestamp="2022-03-20T16:52:30 IST" time="0.009" errors="0">
  <testcase name="printParameter" time="0.009" classname="paralleltesting.ClassC"/>
  <system-out/>
</testsuite> <!-- paralleltesting.ClassC -->
